2025-08-31 11:28:42 [INFO] Successfully fetched the page: https://www.thehindu.com/latest-news/
2025-08-31 11:28:42 [INFO] Extracted 50 news articles
2025-08-31 11:28:44 [INFO] Appended new data to existing Excel file.
2025-08-31 11:28:44 [INFO] Dropped 94 duplicate rows
2025-08-31 11:28:44 [INFO] Saved 56 total rows to latest_news.xlsx
2025-08-31 12:10:31 [INFO] Successfully fetched the page: https://www.thehindu.com/latest-news/
2025-08-31 12:10:31 [INFO] Extracted 50 news articles
2025-08-31 12:10:31 [INFO] Created new Excel file.
2025-08-31 12:10:31 [INFO] Dropped 0 duplicate rows
2025-08-31 12:10:31 [INFO] Saved 50 total rows to latest_news.xlsx
2025-08-31 12:30:16 [INFO] Successfully fetched the page: https://www.thehindu.com/latest-news/
2025-08-31 12:30:16 [INFO] Extracted 50 news articles
2025-08-31 12:30:16 [INFO] Appended new data to existing Excel file.
2025-08-31 12:30:16 [INFO] Dropped 47 duplicate rows
2025-08-31 12:30:16 [ERROR] Error saving Excel file: [Errno 13] Permission denied: 'C:\\Users\\ajayt\\OneDrive\\Desktop\\mithun\\latest_news.xlsx'
2025-08-31 12:30:54 [INFO] Successfully fetched the page: https://www.thehindu.com/latest-news/
2025-08-31 12:30:54 [INFO] Extracted 50 news articles
2025-08-31 12:30:54 [INFO] Created new Excel file.
2025-08-31 12:30:54 [INFO] Dropped 0 duplicate rows
2025-08-31 20:47:45 [INFO] Successfully fetched the page: https://www.thehindu.com/latest-news/
2025-08-31 20:47:45 [INFO] Extracted 50 news articles
2025-08-31 20:47:45 [INFO] Appended new data to existing Excel file.
2025-08-31 20:47:45 [INFO] Dropped 36 duplicate rows
2025-08-31 20:47:45 [ERROR] Error saving Excel file: [Errno 13] Permission denied: 'C:\\Users\\ajayt\\OneDrive\\Desktop\\mithun\\latest_news.xlsx'
2025-08-31 20:47:57 [INFO] Successfully fetched the page: https://www.thehindu.com/latest-news/
2025-08-31 20:47:57 [INFO] Extracted 50 news articles
2025-08-31 20:47:57 [INFO] Appended new data to existing Excel file.
2025-08-31 20:47:57 [INFO] Dropped 36 duplicate rows
2025-08-31 23:32:41 [INFO] Successfully fetched the page: https://www.thehindu.com/latest-news/
2025-08-31 23:32:41 [INFO] Extracted 50 news articles
2025-08-31 23:32:41 [INFO] Created new Excel file.
2025-08-31 23:32:41 [INFO] Dropped 0 duplicate rows
2025-08-31 23:32:42 [INFO] Hyperlinks styled and saved successfully.
2025-08-31 23:34:43 [INFO] Successfully fetched the page: https://www.thehindu.com/latest-news/
2025-08-31 23:34:43 [INFO] Extracted 50 news articles
2025-08-31 23:34:43 [INFO] Created new Excel file.
2025-08-31 23:34:43 [INFO] Dropped 0 duplicate rows
2025-08-31 23:34:43 [ERROR] Error saving Excel file: No module named 'xlsxwriter'
2025-08-31 23:37:22 [INFO] Successfully fetched the page: https://www.thehindu.com/latest-news/
2025-08-31 23:37:22 [INFO] Extracted 50 news articles
2025-08-31 23:37:22 [INFO] Created new Excel file.
2025-08-31 23:37:22 [INFO] Dropped 0 duplicate rows
2025-08-31 23:37:22 [ERROR] Error saving Excel file: No module named 'xlsxwriter'
2025-08-31 23:39:40 [INFO] Successfully fetched the page: https://www.thehindu.com/latest-news/
2025-08-31 23:39:40 [INFO] Extracted 50 news articles
2025-08-31 23:39:40 [INFO] Created new Excel file.
2025-08-31 23:39:40 [INFO] Dropped 0 duplicate rows
2025-08-31 23:39:40 [ERROR] Error saving Excel file: No module named 'xlsxwriter'
2025-08-31 23:40:07 [INFO] Successfully fetched the page: https://www.thehindu.com/latest-news/
2025-08-31 23:40:07 [INFO] Extracted 50 news articles
2025-08-31 23:40:07 [INFO] Created new Excel file.
2025-08-31 23:40:07 [INFO] Dropped 0 duplicate rows
2025-08-31 23:40:07 [INFO] Hyperlinks styled and saved successfully.
2025-08-31 23:42:03 [INFO] Successfully fetched the page: https://www.thehindu.com/latest-news/
2025-08-31 23:42:03 [INFO] Extracted 50 news articles
2025-08-31 23:42:03 [INFO] Appended new data to existing Excel file.
2025-08-31 23:42:03 [INFO] Dropped 49 duplicate rows
2025-08-31 23:42:03 [ERROR] Error saving Excel file: [Errno 13] Permission denied: 'C:\\Users\\ajayt\\OneDrive\\Desktop\\mithun\\latest_news.xlsx'
2025-08-31 23:42:15 [INFO] Successfully fetched the page: https://www.thehindu.com/latest-news/
2025-08-31 23:42:15 [INFO] Extracted 50 news articles
2025-08-31 23:42:15 [INFO] Appended new data to existing Excel file.
2025-08-31 23:42:15 [INFO] Dropped 49 duplicate rows
2025-08-31 23:42:15 [INFO] Hyperlinks styled and saved successfully.
2025-08-31 23:43:56 [INFO] Successfully fetched the page: https://www.thehindu.com/latest-news/
2025-08-31 23:43:56 [INFO] Extracted 50 news articles
2025-08-31 23:43:56 [INFO] Appended new data to existing Excel file.
2025-08-31 23:43:56 [INFO] Dropped 49 duplicate rows
2025-08-31 23:43:56 [INFO] Hyperlinks styled and saved successfully.
2025-08-31 23:56:01 [INFO] Successfully fetched the page: https://www.thehindu.com/latest-news/
2025-08-31 23:56:16 [INFO] Successfully fetched the page: https://www.thehindu.com/latest-news/
2025-08-31 23:56:16 [INFO] Extracted 50 news articles
2025-08-31 23:56:16 [INFO] Created new Excel file.
2025-08-31 23:56:16 [INFO] Dropped 0 duplicate rows
2025-08-31 23:56:17 [ERROR] Error saving Excel file: 'XlsxWriter' object has no attribute 'save'
2025-08-31 23:59:36 [INFO] Successfully fetched the page: https://www.thehindu.com/latest-news/
2025-08-31 23:59:36 [INFO] Extracted 50 news articles
2025-08-31 23:59:36 [INFO] Created new Excel file.
2025-08-31 23:59:36 [INFO] Dropped 0 duplicate rows
2025-08-31 23:59:36 [ERROR] Error saving Excel file: 'XlsxWriter' object has no attribute 'save'
2025-09-01 00:04:43 [INFO] Successfully fetched the page: https://www.thehindu.com/latest-news/
2025-09-01 00:04:43 [INFO] Extracted 50 news articles
2025-09-01 00:04:43 [INFO] Created new Excel file.
2025-09-01 00:04:43 [INFO] Dropped 0 duplicate rows
2025-09-01 00:04:43 [INFO] Hyperlinks styled and saved successfully.
2025-09-01 00:08:24 [INFO] Successfully fetched the page: https://www.thehindu.com/latest-news/
2025-09-01 00:08:24 [INFO] Extracted 50 news articles
2025-09-01 00:08:24 [INFO] Created new Excel file.
2025-09-01 00:08:24 [INFO] Dropped 0 duplicate rows
2025-09-01 00:08:24 [INFO] Hyperlinks styled and saved successfully.
